<?xml version="1.0" encoding="UTF-8"?>
<!-- Generated by org.testng.reporters.JUnitReportReporter -->
<testsuite skipped="0" hostname="LAPTOP-6C2FO33N" name="facebooksignup.FacebookSignUp" tests="2" failures="0" timestamp="17 Nov 2018 19:03:01 GMT" time="39.900" errors="0">
  <testcase name="machineInfo" time="0.002" classname="facebooksignup.FacebookSignUp"/>
  <testcase name="signup" time="39.898" classname="facebooksignup.FacebookSignUp"/>
</testsuite> <!-- facebooksignup.FacebookSignUp -->
