<?xml version="1.0" encoding="UTF-8"?>
<!-- Generated by org.testng.reporters.JUnitReportReporter -->
<testsuite skipped="0" hostname="LAPTOP-6C2FO33N" name="com.devops1.DevOpsStudy.AppTest" tests="1" failures="0" timestamp="30 Jan 2019 01:15:45 GMT" time="42.786" errors="0">
  <testcase name="signUp" time="42.786" classname="com.devops1.DevOpsStudy.AppTest"/>
</testsuite> <!-- com.devops1.DevOpsStudy.AppTest -->
